{"D:\\Javascript\\Js Data Structures Algorithms\\algorithms\\kmp.js": {"path":"D:\\Javascript\\Js Data Structures Algorithms\\algorithms\\kmp.js","statementMap":{"0":{"start":{"line":2,"column":2},"end":{"line":2,"column":68}},"1":{"start":{"line":2,"column":55},"end":{"line":2,"column":68}},"2":{"start":{"line":3,"column":16},"end":{"line":3,"column":18}},"3":{"start":{"line":4,"column":10},"end":{"line":4,"column":11}},"4":{"start":{"line":5,"column":8},"end":{"line":5,"column":9}},"5":{"start":{"line":6,"column":2},"end":{"line":6,"column":42}},"6":{"start":{"line":7,"column":2},"end":{"line":19,"column":3}},"7":{"start":{"line":8,"column":4},"end":{"line":17,"column":5}},"8":{"start":{"line":9,"column":6},"end":{"line":13,"column":7}},"9":{"start":{"line":10,"column":8},"end":{"line":10,"column":27}},"10":{"start":{"line":12,"column":8},"end":{"line":12,"column":12}},"11":{"start":{"line":15,"column":6},"end":{"line":15,"column":10}},"12":{"start":{"line":16,"column":6},"end":{"line":16,"column":10}},"13":{"start":{"line":18,"column":4},"end":{"line":18,"column":42}},"14":{"start":{"line":18,"column":30},"end":{"line":18,"column":42}},"15":{"start":{"line":20,"column":2},"end":{"line":20,"column":15}},"16":{"start":{"line":24,"column":10},"end":{"line":24,"column":11}},"17":{"start":{"line":25,"column":8},"end":{"line":25,"column":9}},"18":{"start":{"line":26,"column":2},"end":{"line":26,"column":15}},"19":{"start":{"line":27,"column":2},"end":{"line":40,"column":3}},"20":{"start":{"line":28,"column":4},"end":{"line":39,"column":5}},"21":{"start":{"line":29,"column":6},"end":{"line":29,"column":23}},"22":{"start":{"line":30,"column":6},"end":{"line":30,"column":10}},"23":{"start":{"line":31,"column":6},"end":{"line":31,"column":10}},"24":{"start":{"line":33,"column":6},"end":{"line":38,"column":7}},"25":{"start":{"line":34,"column":8},"end":{"line":34,"column":25}},"26":{"start":{"line":36,"column":8},"end":{"line":36,"column":21}},"27":{"start":{"line":37,"column":8},"end":{"line":37,"column":12}},"28":{"start":{"line":41,"column":2},"end":{"line":41,"column":15}},"29":{"start":{"line":44,"column":0},"end":{"line":44,"column":38}}},"fnMap":{"0":{"name":"kmp","decl":{"start":{"line":1,"column":9},"end":{"line":1,"column":12}},"loc":{"start":{"line":1,"column":34},"end":{"line":21,"column":1}},"line":1},"1":{"name":"fillPiTable","decl":{"start":{"line":23,"column":9},"end":{"line":23,"column":20}},"loc":{"start":{"line":23,"column":37},"end":{"line":42,"column":1}},"line":23}},"branchMap":{"0":{"loc":{"start":{"line":2,"column":2},"end":{"line":2,"column":68}},"type":"if","locations":[{"start":{"line":2,"column":2},"end":{"line":2,"column":68}},{"start":{"line":2,"column":2},"end":{"line":2,"column":68}}],"line":2},"1":{"loc":{"start":{"line":2,"column":6},"end":{"line":2,"column":53}},"type":"binary-expr","locations":[{"start":{"line":2,"column":6},"end":{"line":2,"column":29}},{"start":{"line":2,"column":33},"end":{"line":2,"column":53}}],"line":2},"2":{"loc":{"start":{"line":8,"column":4},"end":{"line":17,"column":5}},"type":"if","locations":[{"start":{"line":8,"column":4},"end":{"line":17,"column":5}},{"start":{"line":8,"column":4},"end":{"line":17,"column":5}}],"line":8},"3":{"loc":{"start":{"line":9,"column":6},"end":{"line":13,"column":7}},"type":"if","locations":[{"start":{"line":9,"column":6},"end":{"line":13,"column":7}},{"start":{"line":9,"column":6},"end":{"line":13,"column":7}}],"line":9},"4":{"loc":{"start":{"line":18,"column":4},"end":{"line":18,"column":42}},"type":"if","locations":[{"start":{"line":18,"column":4},"end":{"line":18,"column":42}},{"start":{"line":18,"column":4},"end":{"line":18,"column":42}}],"line":18},"5":{"loc":{"start":{"line":28,"column":4},"end":{"line":39,"column":5}},"type":"if","locations":[{"start":{"line":28,"column":4},"end":{"line":39,"column":5}},{"start":{"line":28,"column":4},"end":{"line":39,"column":5}}],"line":28},"6":{"loc":{"start":{"line":33,"column":6},"end":{"line":38,"column":7}},"type":"if","locations":[{"start":{"line":33,"column":6},"end":{"line":38,"column":7}},{"start":{"line":33,"column":6},"end":{"line":38,"column":7}}],"line":33}},"s":{"0":9,"1":2,"2":7,"3":7,"4":7,"5":7,"6":7,"7":37,"8":14,"9":7,"10":7,"11":23,"12":23,"13":37,"14":4,"15":3,"16":12,"17":12,"18":12,"19":12,"20":28,"21":13,"22":13,"23":13,"24":15,"25":5,"26":10,"27":10,"28":12,"29":1},"f":{"0":9,"1":12},"b":{"0":[2,7],"1":[9,8],"2":[14,23],"3":[7,7],"4":[4,33],"5":[13,15],"6":[5,10]},"_coverageSchema":"1a1c01bbd47fc00a2c39e90264f33305004495a9","hash":"05d736996efe87c1f2bbbc5af6160b61c8479a91"}
,"D:\\Javascript\\Js Data Structures Algorithms\\algorithms\\merge-sort.js": {"path":"D:\\Javascript\\Js Data Structures Algorithms\\algorithms\\merge-sort.js","statementMap":{"0":{"start":{"line":2,"column":10},"end":{"line":2,"column":22}},"1":{"start":{"line":3,"column":2},"end":{"line":3,"column":28}},"2":{"start":{"line":3,"column":15},"end":{"line":3,"column":28}},"3":{"start":{"line":4,"column":15},"end":{"line":4,"column":47}},"4":{"start":{"line":5,"column":15},"end":{"line":5,"column":47}},"5":{"start":{"line":7,"column":2},"end":{"line":7,"column":31}},"6":{"start":{"line":11,"column":10},"end":{"line":11,"column":11}},"7":{"start":{"line":12,"column":8},"end":{"line":12,"column":9}},"8":{"start":{"line":13,"column":15},"end":{"line":13,"column":17}},"9":{"start":{"line":14,"column":2},"end":{"line":22,"column":3}},"10":{"start":{"line":15,"column":4},"end":{"line":21,"column":5}},"11":{"start":{"line":16,"column":6},"end":{"line":16,"column":29}},"12":{"start":{"line":17,"column":6},"end":{"line":17,"column":10}},"13":{"start":{"line":19,"column":6},"end":{"line":19,"column":29}},"14":{"start":{"line":20,"column":6},"end":{"line":20,"column":10}},"15":{"start":{"line":23,"column":2},"end":{"line":31,"column":3}},"16":{"start":{"line":24,"column":4},"end":{"line":26,"column":5}},"17":{"start":{"line":25,"column":6},"end":{"line":25,"column":24}},"18":{"start":{"line":27,"column":9},"end":{"line":31,"column":3}},"19":{"start":{"line":28,"column":4},"end":{"line":30,"column":5}},"20":{"start":{"line":29,"column":6},"end":{"line":29,"column":24}},"21":{"start":{"line":32,"column":2},"end":{"line":32,"column":16}},"22":{"start":{"line":35,"column":0},"end":{"line":35,"column":36}}},"fnMap":{"0":{"name":"mergeSort","decl":{"start":{"line":1,"column":9},"end":{"line":1,"column":18}},"loc":{"start":{"line":1,"column":26},"end":{"line":8,"column":1}},"line":1},"1":{"name":"merge","decl":{"start":{"line":10,"column":9},"end":{"line":10,"column":14}},"loc":{"start":{"line":10,"column":31},"end":{"line":33,"column":1}},"line":10}},"branchMap":{"0":{"loc":{"start":{"line":3,"column":2},"end":{"line":3,"column":28}},"type":"if","locations":[{"start":{"line":3,"column":2},"end":{"line":3,"column":28}},{"start":{"line":3,"column":2},"end":{"line":3,"column":28}}],"line":3},"1":{"loc":{"start":{"line":14,"column":9},"end":{"line":14,"column":47}},"type":"binary-expr","locations":[{"start":{"line":14,"column":9},"end":{"line":14,"column":26}},{"start":{"line":14,"column":30},"end":{"line":14,"column":47}}],"line":14},"2":{"loc":{"start":{"line":15,"column":4},"end":{"line":21,"column":5}},"type":"if","locations":[{"start":{"line":15,"column":4},"end":{"line":21,"column":5}},{"start":{"line":15,"column":4},"end":{"line":21,"column":5}}],"line":15},"3":{"loc":{"start":{"line":23,"column":2},"end":{"line":31,"column":3}},"type":"if","locations":[{"start":{"line":23,"column":2},"end":{"line":31,"column":3}},{"start":{"line":23,"column":2},"end":{"line":31,"column":3}}],"line":23},"4":{"loc":{"start":{"line":27,"column":9},"end":{"line":31,"column":3}},"type":"if","locations":[{"start":{"line":27,"column":9},"end":{"line":31,"column":3}},{"start":{"line":27,"column":9},"end":{"line":31,"column":3}}],"line":27}},"s":{"0":31,"1":31,"2":17,"3":14,"4":14,"5":14,"6":17,"7":17,"8":17,"9":17,"10":38,"11":15,"12":15,"13":23,"14":23,"15":17,"16":10,"17":15,"18":7,"19":7,"20":8,"21":17,"22":1},"f":{"0":31,"1":17},"b":{"0":[17,14],"1":[55,48],"2":[15,23],"3":[10,7],"4":[7,0]},"_coverageSchema":"1a1c01bbd47fc00a2c39e90264f33305004495a9","hash":"aea2d6673aeff568f07991b42cf275b382ed03e5"}
,"D:\\Javascript\\Js Data Structures Algorithms\\data-structures\\doubly-linked-list.js": {"path":"D:\\Javascript\\Js Data Structures Algorithms\\data-structures\\doubly-linked-list.js","statementMap":{"0":{"start":{"line":3,"column":4},"end":{"line":3,"column":23}},"1":{"start":{"line":4,"column":4},"end":{"line":4,"column":25}},"2":{"start":{"line":5,"column":4},"end":{"line":5,"column":21}},"3":{"start":{"line":10,"column":4},"end":{"line":10,"column":22}},"4":{"start":{"line":11,"column":4},"end":{"line":11,"column":28}},"5":{"start":{"line":12,"column":4},"end":{"line":12,"column":19}},"6":{"start":{"line":15,"column":4},"end":{"line":15,"column":28}},"7":{"start":{"line":18,"column":4},"end":{"line":18,"column":22}},"8":{"start":{"line":21,"column":15},"end":{"line":21,"column":30}},"9":{"start":{"line":22,"column":4},"end":{"line":29,"column":5}},"10":{"start":{"line":23,"column":6},"end":{"line":23,"column":24}},"11":{"start":{"line":24,"column":6},"end":{"line":24,"column":30}},"12":{"start":{"line":26,"column":6},"end":{"line":26,"column":33}},"13":{"start":{"line":27,"column":6},"end":{"line":27,"column":29}},"14":{"start":{"line":28,"column":6},"end":{"line":28,"column":24}},"15":{"start":{"line":30,"column":4},"end":{"line":30,"column":17}},"16":{"start":{"line":31,"column":4},"end":{"line":31,"column":22}},"17":{"start":{"line":34,"column":15},"end":{"line":34,"column":25}},"18":{"start":{"line":35,"column":4},"end":{"line":35,"column":37}},"19":{"start":{"line":36,"column":4},"end":{"line":36,"column":27}},"20":{"start":{"line":37,"column":4},"end":{"line":37,"column":17}},"21":{"start":{"line":38,"column":4},"end":{"line":38,"column":16}},"22":{"start":{"line":41,"column":4},"end":{"line":41,"column":22}},"23":{"start":{"line":44,"column":4},"end":{"line":44,"column":22}},"24":{"start":{"line":47,"column":4},"end":{"line":47,"column":22}},"25":{"start":{"line":48,"column":4},"end":{"line":48,"column":22}},"26":{"start":{"line":49,"column":4},"end":{"line":49,"column":19}},"27":{"start":{"line":50,"column":4},"end":{"line":50,"column":22}},"28":{"start":{"line":54,"column":0},"end":{"line":54,"column":34}}},"fnMap":{"0":{"name":"(anonymous_0)","decl":{"start":{"line":2,"column":2},"end":{"line":2,"column":3}},"loc":{"start":{"line":2,"column":28},"end":{"line":6,"column":3}},"line":2},"1":{"name":"(anonymous_1)","decl":{"start":{"line":9,"column":2},"end":{"line":9,"column":3}},"loc":{"start":{"line":9,"column":16},"end":{"line":13,"column":3}},"line":9},"2":{"name":"(anonymous_2)","decl":{"start":{"line":14,"column":2},"end":{"line":14,"column":3}},"loc":{"start":{"line":14,"column":12},"end":{"line":16,"column":3}},"line":14},"3":{"name":"(anonymous_3)","decl":{"start":{"line":17,"column":2},"end":{"line":17,"column":3}},"loc":{"start":{"line":17,"column":13},"end":{"line":19,"column":3}},"line":17},"4":{"name":"(anonymous_4)","decl":{"start":{"line":20,"column":2},"end":{"line":20,"column":3}},"loc":{"start":{"line":20,"column":14},"end":{"line":32,"column":3}},"line":20},"5":{"name":"(anonymous_5)","decl":{"start":{"line":33,"column":2},"end":{"line":33,"column":3}},"loc":{"start":{"line":33,"column":8},"end":{"line":39,"column":3}},"line":33},"6":{"name":"(anonymous_6)","decl":{"start":{"line":40,"column":2},"end":{"line":40,"column":3}},"loc":{"start":{"line":40,"column":14},"end":{"line":42,"column":3}},"line":40},"7":{"name":"(anonymous_7)","decl":{"start":{"line":43,"column":2},"end":{"line":43,"column":3}},"loc":{"start":{"line":43,"column":13},"end":{"line":45,"column":3}},"line":43},"8":{"name":"(anonymous_8)","decl":{"start":{"line":46,"column":2},"end":{"line":46,"column":3}},"loc":{"start":{"line":46,"column":10},"end":{"line":51,"column":3}},"line":46}},"branchMap":{"0":{"loc":{"start":{"line":2,"column":14},"end":{"line":2,"column":26}},"type":"default-arg","locations":[{"start":{"line":2,"column":22},"end":{"line":2,"column":26}}],"line":2},"1":{"loc":{"start":{"line":22,"column":4},"end":{"line":29,"column":5}},"type":"if","locations":[{"start":{"line":22,"column":4},"end":{"line":29,"column":5}},{"start":{"line":22,"column":4},"end":{"line":29,"column":5}}],"line":22}},"s":{"0":2,"1":2,"2":2,"3":1,"4":1,"5":1,"6":1,"7":2,"8":2,"9":2,"10":1,"11":1,"12":1,"13":1,"14":1,"15":2,"16":2,"17":1,"18":1,"19":1,"20":1,"21":1,"22":2,"23":4,"24":1,"25":1,"26":1,"27":1,"28":1},"f":{"0":2,"1":1,"2":1,"3":2,"4":2,"5":1,"6":2,"7":4,"8":1},"b":{"0":[0],"1":[1,1]},"_coverageSchema":"1a1c01bbd47fc00a2c39e90264f33305004495a9","hash":"b0457b061d7763ff4936dd4429d6171d60f187c8"}
,"D:\\Javascript\\Js Data Structures Algorithms\\data-structures\\queue.js": {"path":"D:\\Javascript\\Js Data Structures Algorithms\\data-structures\\queue.js","statementMap":{"0":{"start":{"line":1,"column":19},"end":{"line":1,"column":50}},"1":{"start":{"line":6,"column":4},"end":{"line":6,"column":34}},"2":{"start":{"line":10,"column":4},"end":{"line":10,"column":27}},"3":{"start":{"line":14,"column":4},"end":{"line":14,"column":33}},"4":{"start":{"line":18,"column":4},"end":{"line":18,"column":27}},"5":{"start":{"line":19,"column":4},"end":{"line":19,"column":27}},"6":{"start":{"line":24,"column":4},"end":{"line":24,"column":35}},"7":{"start":{"line":28,"column":4},"end":{"line":28,"column":30}},"8":{"start":{"line":32,"column":0},"end":{"line":32,"column":23}}},"fnMap":{"0":{"name":"(anonymous_0)","decl":{"start":{"line":4,"column":2},"end":{"line":4,"column":3}},"loc":{"start":{"line":4,"column":16},"end":{"line":7,"column":3}},"line":4},"1":{"name":"(anonymous_1)","decl":{"start":{"line":9,"column":2},"end":{"line":9,"column":3}},"loc":{"start":{"line":9,"column":13},"end":{"line":11,"column":3}},"line":9},"2":{"name":"(anonymous_2)","decl":{"start":{"line":13,"column":2},"end":{"line":13,"column":3}},"loc":{"start":{"line":13,"column":12},"end":{"line":15,"column":3}},"line":13},"3":{"name":"(anonymous_3)","decl":{"start":{"line":17,"column":2},"end":{"line":17,"column":3}},"loc":{"start":{"line":17,"column":17},"end":{"line":20,"column":3}},"line":17},"4":{"name":"(anonymous_4)","decl":{"start":{"line":22,"column":2},"end":{"line":22,"column":3}},"loc":{"start":{"line":22,"column":12},"end":{"line":25,"column":3}},"line":22},"5":{"name":"(anonymous_5)","decl":{"start":{"line":27,"column":2},"end":{"line":27,"column":3}},"loc":{"start":{"line":27,"column":10},"end":{"line":29,"column":3}},"line":27}},"branchMap":{},"s":{"0":1,"1":1,"2":2,"3":1,"4":5,"5":5,"6":1,"7":2,"8":1},"f":{"0":1,"1":2,"2":1,"3":5,"4":1,"5":2},"b":{},"_coverageSchema":"1a1c01bbd47fc00a2c39e90264f33305004495a9","hash":"15c7cace60cee847a420a5e6d733e8617b6bd041"}
,"D:\\Javascript\\Js Data Structures Algorithms\\data-structures\\singly-linked-list.js": {"path":"D:\\Javascript\\Js Data Structures Algorithms\\data-structures\\singly-linked-list.js","statementMap":{"0":{"start":{"line":3,"column":4},"end":{"line":3,"column":23}},"1":{"start":{"line":4,"column":4},"end":{"line":4,"column":21}},"2":{"start":{"line":5,"column":4},"end":{"line":5,"column":29}},"3":{"start":{"line":10,"column":4},"end":{"line":10,"column":22}},"4":{"start":{"line":11,"column":4},"end":{"line":11,"column":22}},"5":{"start":{"line":12,"column":4},"end":{"line":12,"column":19}},"6":{"start":{"line":15,"column":4},"end":{"line":15,"column":22}},"7":{"start":{"line":18,"column":15},"end":{"line":18,"column":30}},"8":{"start":{"line":19,"column":4},"end":{"line":26,"column":5}},"9":{"start":{"line":20,"column":6},"end":{"line":20,"column":24}},"10":{"start":{"line":21,"column":6},"end":{"line":21,"column":30}},"11":{"start":{"line":23,"column":6},"end":{"line":23,"column":37}},"12":{"start":{"line":24,"column":6},"end":{"line":24,"column":29}},"13":{"start":{"line":25,"column":6},"end":{"line":25,"column":24}},"14":{"start":{"line":27,"column":4},"end":{"line":27,"column":17}},"15":{"start":{"line":28,"column":4},"end":{"line":28,"column":22}},"16":{"start":{"line":31,"column":4},"end":{"line":31,"column":38}},"17":{"start":{"line":31,"column":26},"end":{"line":31,"column":38}},"18":{"start":{"line":32,"column":15},"end":{"line":32,"column":25}},"19":{"start":{"line":33,"column":4},"end":{"line":33,"column":41}},"20":{"start":{"line":34,"column":4},"end":{"line":34,"column":17}},"21":{"start":{"line":35,"column":4},"end":{"line":38,"column":5}},"22":{"start":{"line":36,"column":6},"end":{"line":36,"column":24}},"23":{"start":{"line":37,"column":6},"end":{"line":37,"column":24}},"24":{"start":{"line":39,"column":4},"end":{"line":39,"column":16}},"25":{"start":{"line":42,"column":4},"end":{"line":42,"column":22}},"26":{"start":{"line":45,"column":4},"end":{"line":45,"column":22}},"27":{"start":{"line":48,"column":15},"end":{"line":48,"column":25}},"28":{"start":{"line":49,"column":18},"end":{"line":49,"column":33}},"29":{"start":{"line":50,"column":4},"end":{"line":50,"column":25}},"30":{"start":{"line":51,"column":4},"end":{"line":51,"column":17}},"31":{"start":{"line":52,"column":4},"end":{"line":52,"column":16}},"32":{"start":{"line":55,"column":4},"end":{"line":55,"column":28}},"33":{"start":{"line":58,"column":4},"end":{"line":58,"column":22}},"34":{"start":{"line":59,"column":4},"end":{"line":59,"column":22}},"35":{"start":{"line":60,"column":4},"end":{"line":60,"column":19}},"36":{"start":{"line":61,"column":4},"end":{"line":61,"column":22}},"37":{"start":{"line":65,"column":0},"end":{"line":65,"column":28}}},"fnMap":{"0":{"name":"(anonymous_0)","decl":{"start":{"line":2,"column":2},"end":{"line":2,"column":3}},"loc":{"start":{"line":2,"column":21},"end":{"line":6,"column":3}},"line":2},"1":{"name":"(anonymous_1)","decl":{"start":{"line":9,"column":2},"end":{"line":9,"column":3}},"loc":{"start":{"line":9,"column":16},"end":{"line":13,"column":3}},"line":9},"2":{"name":"(anonymous_2)","decl":{"start":{"line":14,"column":2},"end":{"line":14,"column":3}},"loc":{"start":{"line":14,"column":13},"end":{"line":16,"column":3}},"line":14},"3":{"name":"(anonymous_3)","decl":{"start":{"line":17,"column":2},"end":{"line":17,"column":3}},"loc":{"start":{"line":17,"column":14},"end":{"line":29,"column":3}},"line":17},"4":{"name":"(anonymous_4)","decl":{"start":{"line":30,"column":2},"end":{"line":30,"column":3}},"loc":{"start":{"line":30,"column":8},"end":{"line":40,"column":3}},"line":30},"5":{"name":"(anonymous_5)","decl":{"start":{"line":41,"column":2},"end":{"line":41,"column":3}},"loc":{"start":{"line":41,"column":14},"end":{"line":43,"column":3}},"line":41},"6":{"name":"(anonymous_6)","decl":{"start":{"line":44,"column":2},"end":{"line":44,"column":3}},"loc":{"start":{"line":44,"column":13},"end":{"line":46,"column":3}},"line":44},"7":{"name":"(anonymous_7)","decl":{"start":{"line":47,"column":2},"end":{"line":47,"column":3}},"loc":{"start":{"line":47,"column":15},"end":{"line":53,"column":3}},"line":47},"8":{"name":"(anonymous_8)","decl":{"start":{"line":54,"column":2},"end":{"line":54,"column":3}},"loc":{"start":{"line":54,"column":12},"end":{"line":56,"column":3}},"line":54},"9":{"name":"(anonymous_9)","decl":{"start":{"line":57,"column":2},"end":{"line":57,"column":3}},"loc":{"start":{"line":57,"column":10},"end":{"line":62,"column":3}},"line":57}},"branchMap":{"0":{"loc":{"start":{"line":19,"column":4},"end":{"line":26,"column":5}},"type":"if","locations":[{"start":{"line":19,"column":4},"end":{"line":26,"column":5}},{"start":{"line":19,"column":4},"end":{"line":26,"column":5}}],"line":19},"1":{"loc":{"start":{"line":31,"column":4},"end":{"line":31,"column":38}},"type":"if","locations":[{"start":{"line":31,"column":4},"end":{"line":31,"column":38}},{"start":{"line":31,"column":4},"end":{"line":31,"column":38}}],"line":31},"2":{"loc":{"start":{"line":35,"column":4},"end":{"line":38,"column":5}},"type":"if","locations":[{"start":{"line":35,"column":4},"end":{"line":38,"column":5}},{"start":{"line":35,"column":4},"end":{"line":38,"column":5}}],"line":35}},"s":{"0":13,"1":13,"2":13,"3":2,"4":2,"5":2,"6":13,"7":13,"8":13,"9":5,"10":5,"11":8,"12":8,"13":8,"14":13,"15":13,"16":4,"17":1,"18":3,"19":3,"20":3,"21":3,"22":1,"23":1,"24":3,"25":4,"26":1,"27":2,"28":2,"29":2,"30":2,"31":2,"32":1,"33":3,"34":3,"35":3,"36":3,"37":2},"f":{"0":13,"1":2,"2":13,"3":13,"4":4,"5":4,"6":1,"7":2,"8":1,"9":3},"b":{"0":[5,8],"1":[1,3],"2":[1,2]},"_coverageSchema":"1a1c01bbd47fc00a2c39e90264f33305004495a9","hash":"174f2d2afc62d10f9185a952cccfda9eb91b83d0"}
}
