TN:
SF:singly-linked-list.js
FN:2,(anonymous_0)
FN:9,(anonymous_1)
FN:14,(anonymous_2)
FN:27,(anonymous_3)
FN:37,(anonymous_4)
FN:40,(anonymous_5)
FN:43,(anonymous_6)
FN:46,(anonymous_7)
FNF:8
FNH:8
FNDA:6,(anonymous_0)
FNDA:1,(anonymous_1)
FNDA:6,(anonymous_2)
FNDA:4,(anonymous_3)
FNDA:3,(anonymous_4)
FNDA:1,(anonymous_5)
FNDA:1,(anonymous_6)
FNDA:1,(anonymous_7)
DA:3,6
DA:4,6
DA:5,6
DA:10,1
DA:11,1
DA:12,1
DA:15,6
DA:16,6
DA:17,2
DA:18,2
DA:20,4
DA:21,4
DA:22,4
DA:24,6
DA:25,6
DA:28,4
DA:29,3
DA:30,3
DA:31,3
DA:32,1
DA:33,1
DA:35,3
DA:38,3
DA:41,1
DA:44,1
DA:47,1
DA:48,1
DA:49,1
DA:50,1
DA:54,1
LF:30
LH:30
BRDA:16,0,0,2
BRDA:16,0,1,4
BRDA:28,1,0,1
BRDA:28,1,1,3
BRDA:31,2,0,1
BRDA:31,2,1,2
BRDA:44,3,0,1
BRDA:44,3,1,0
BRF:8
BRH:7
end_of_record
