TN:
SF:algorithms\merge-sort.js
FN:1,mergeSort
FN:10,merge
FNF:2
FNH:2
FNDA:31,mergeSort
FNDA:17,merge
DA:2,31
DA:3,31
DA:4,14
DA:5,14
DA:7,14
DA:11,17
DA:12,17
DA:13,17
DA:14,17
DA:15,38
DA:16,15
DA:17,15
DA:19,23
DA:20,23
DA:23,17
DA:24,10
DA:25,15
DA:27,7
DA:28,7
DA:29,8
DA:32,17
DA:35,1
LF:22
LH:22
BRDA:3,0,0,17
BRDA:3,0,1,14
BRDA:14,1,0,55
BRDA:14,1,1,48
BRDA:15,2,0,15
BRDA:15,2,1,23
BRDA:23,3,0,10
BRDA:23,3,1,7
BRDA:27,4,0,7
BRDA:27,4,1,0
BRF:10
BRH:9
end_of_record
TN:
SF:data-structures\doubly-linked-list.js
FN:2,(anonymous_0)
FN:9,(anonymous_1)
FN:14,(anonymous_2)
FN:17,(anonymous_3)
FN:20,(anonymous_4)
FN:33,(anonymous_5)
FN:40,(anonymous_6)
FN:43,(anonymous_7)
FN:46,(anonymous_8)
FNF:9
FNH:9
FNDA:2,(anonymous_0)
FNDA:1,(anonymous_1)
FNDA:1,(anonymous_2)
FNDA:2,(anonymous_3)
FNDA:2,(anonymous_4)
FNDA:1,(anonymous_5)
FNDA:2,(anonymous_6)
FNDA:4,(anonymous_7)
FNDA:1,(anonymous_8)
DA:3,2
DA:4,2
DA:5,2
DA:10,1
DA:11,1
DA:12,1
DA:15,1
DA:18,2
DA:21,2
DA:22,2
DA:23,1
DA:24,1
DA:26,1
DA:27,1
DA:28,1
DA:30,2
DA:31,2
DA:34,1
DA:35,1
DA:36,1
DA:37,1
DA:38,1
DA:41,2
DA:44,4
DA:47,1
DA:48,1
DA:49,1
DA:50,1
DA:54,1
LF:29
LH:29
BRDA:2,0,0,0
BRDA:22,1,0,1
BRDA:22,1,1,1
BRF:3
BRH:2
end_of_record
TN:
SF:data-structures\queue.js
FN:4,(anonymous_0)
FN:9,(anonymous_1)
FN:13,(anonymous_2)
FN:17,(anonymous_3)
FN:22,(anonymous_4)
FN:27,(anonymous_5)
FNF:6
FNH:6
FNDA:1,(anonymous_0)
FNDA:2,(anonymous_1)
FNDA:1,(anonymous_2)
FNDA:5,(anonymous_3)
FNDA:1,(anonymous_4)
FNDA:2,(anonymous_5)
DA:1,1
DA:6,1
DA:10,2
DA:14,1
DA:18,5
DA:19,5
DA:24,1
DA:28,2
DA:32,1
LF:9
LH:9
BRF:0
BRH:0
end_of_record
TN:
SF:data-structures\singly-linked-list.js
FN:2,(anonymous_0)
FN:9,(anonymous_1)
FN:14,(anonymous_2)
FN:17,(anonymous_3)
FN:30,(anonymous_4)
FN:41,(anonymous_5)
FN:44,(anonymous_6)
FN:47,(anonymous_7)
FN:54,(anonymous_8)
FN:57,(anonymous_9)
FNF:10
FNH:10
FNDA:13,(anonymous_0)
FNDA:2,(anonymous_1)
FNDA:13,(anonymous_2)
FNDA:13,(anonymous_3)
FNDA:4,(anonymous_4)
FNDA:4,(anonymous_5)
FNDA:1,(anonymous_6)
FNDA:2,(anonymous_7)
FNDA:1,(anonymous_8)
FNDA:3,(anonymous_9)
DA:3,13
DA:4,13
DA:5,13
DA:10,2
DA:11,2
DA:12,2
DA:15,13
DA:18,13
DA:19,13
DA:20,5
DA:21,5
DA:23,8
DA:24,8
DA:25,8
DA:27,13
DA:28,13
DA:31,4
DA:32,3
DA:33,3
DA:34,3
DA:35,3
DA:36,1
DA:37,1
DA:39,3
DA:42,4
DA:45,1
DA:48,2
DA:49,2
DA:50,2
DA:51,2
DA:52,2
DA:55,1
DA:58,3
DA:59,3
DA:60,3
DA:61,3
DA:65,2
LF:37
LH:37
BRDA:19,0,0,5
BRDA:19,0,1,8
BRDA:31,1,0,1
BRDA:31,1,1,3
BRDA:35,2,0,1
BRDA:35,2,1,2
BRF:6
BRH:6
end_of_record
